<?xml version="1.0" encoding="UTF-8"?>
<testsuite xmlns:xsi="http://www.w3.org/2001/XMLSchema-instance" xsi:noNamespaceSchemaLocation="https://maven.apache.org/surefire/maven-surefire-plugin/xsd/surefire-test-report.xsd" name="in.saranyaramesh.demo_project.TestCreateUser" time="0.064" tests="8" errors="0" skipped="0" failures="8">
  <properties>
[...]
</properties>
  <testcase name="in.saranyaramesh.demo_project.TestCreateUser.testCreateUserWithValidInput" classname="in.saranyaramesh.demo_project.TestCreateUser" time="0.006">
    <failure message="Unexpected exception thrown: java.lang.RuntimeException: java.sql.SQLException: The url cannot be null" type="org.opentest4j.AssertionFailedError">org.opentest4j.AssertionFailedError: Unexpected exception thrown: java.lang.RuntimeException: java.sql.SQLException: The url cannot be null
	at org.junit.jupiter.api.AssertDoesNotThrow.createAssertionFailedError(AssertDoesNotThrow.java:83)
	at org.junit.jupiter.api.AssertDoesNotThrow.assertDoesNotThrow(AssertDoesNotThrow.java:54)
	at org.junit.jupiter.api.AssertDoesNotThrow.assertDoesNotThrow(AssertDoesNotThrow.java:37)
	at org.junit.jupiter.api.Assertions.assertDoesNotThrow(Assertions.java:3135)
	at in.saranyaramesh.demo_project.TestCreateUser.testCreateUserWithValidInput(TestCreateUser.java:28)
Caused by: java.lang.RuntimeException: java.sql.SQLException: The url cannot be null
	at in.saranyaramesh.demo_project.util.ConnectionUtil.getConnection(ConnectionUtil.java:36)
	at in.saranyaramesh.demo_project.DAO.UserDAO.create(UserDAO.java:59)
	at in.saranyaramesh.demo_project.service.UserService.create(UserService.java:33)
	at in.saranyaramesh.demo_project.TestCreateUser.lambda$testCreateUserWithValidInput$0(TestCreateUser.java:29)
	at org.junit.jupiter.api.AssertDoesNotThrow.assertDoesNotThrow(AssertDoesNotThrow.java:50)
	... 16 more
Caused by: java.sql.SQLException: The url cannot be null
	at java.sql/java.sql.DriverManager.getConnection(DriverManager.java:664)
	at java.sql/java.sql.DriverManager.getConnection(DriverManager.java:229)
	at in.saranyaramesh.demo_project.util.ConnectionUtil.getConnection(ConnectionUtil.java:28)
	... 20 more
</failure>
    <system-err><![CDATA[java.sql.SQLException: The url cannot be null
	at java.sql/java.sql.DriverManager.getConnection(DriverManager.java:664)
	at java.sql/java.sql.DriverManager.getConnection(DriverManager.java:229)
	at in.saranyaramesh.demo_project.util.ConnectionUtil.getConnection(ConnectionUtil.java:28)
	at in.saranyaramesh.demo_project.DAO.UserDAO.create(UserDAO.java:59)
	at in.saranyaramesh.demo_project.service.UserService.create(UserService.java:33)
	at in.saranyaramesh.demo_project.TestCreateUser.lambda$testCreateUserWithValidInput$0(TestCreateUser.java:29)
	at org.junit.jupiter.api.AssertDoesNotThrow.assertDoesNotThrow(AssertDoesNotThrow.java:50)
	at org.junit.jupiter.api.AssertDoesNotThrow.assertDoesNotThrow(AssertDoesNotThrow.java:37)
	at org.junit.jupiter.api.Assertions.assertDoesNotThrow(Assertions.java:3135)
	at in.saranyaramesh.demo_project.TestCreateUser.testCreateUserWithValidInput(TestCreateUser.java:28)
	at java.base/jdk.internal.reflect.NativeMethodAccessorImpl.invoke0(Native Method)
	at java.base/jdk.internal.reflect.NativeMethodAccessorImpl.invoke(NativeMethodAccessorImpl.java:77)
	at java.base/jdk.internal.reflect.DelegatingMethodAccessorImpl.invoke(DelegatingMethodAccessorImpl.java:43)
	at java.base/java.lang.reflect.Method.invoke(Method.java:568)
	at org.apache.maven.surefire.junit.PojoTestSet.executeTestMethod(PojoTestSet.java:146)
	at org.apache.maven.surefire.junit.PojoTestSet.executeTestMethods(PojoTestSet.java:108)
	at org.apache.maven.surefire.junit.PojoTestSet.execute(PojoTestSet.java:89)
	at org.apache.maven.surefire.junit.JUnit3Provider.executeTestSet(JUnit3Provider.java:140)
	at org.apache.maven.surefire.junit.JUnit3Provider.invoke(JUnit3Provider.java:113)
	at org.apache.maven.surefire.booter.ForkedBooter.invokeProviderInSameClassLoader(ForkedBooter.java:384)
	at org.apache.maven.surefire.booter.ForkedBooter.runSuitesInProcess(ForkedBooter.java:345)
	at org.apache.maven.surefire.booter.ForkedBooter.execute(ForkedBooter.java:126)
	at org.apache.maven.surefire.booter.ForkedBooter.main(ForkedBooter.java:418)
]]></system-err>
  </testcase>
  <testcase name="in.saranyaramesh.demo_project.TestCreateUser.testCreateUserWithEmailNull" classname="in.saranyaramesh.demo_project.TestCreateUser" time="0.042">
    <failure message="expected: &lt;true&gt; but was: &lt;false&gt;" type="org.opentest4j.AssertionFailedError"><![CDATA[org.opentest4j.AssertionFailedError: expected: <true> but was: <false>
	at org.junit.jupiter.api.AssertionUtils.fail(AssertionUtils.java:55)
	at org.junit.jupiter.api.AssertTrue.assertTrue(AssertTrue.java:40)
	at org.junit.jupiter.api.AssertTrue.assertTrue(AssertTrue.java:35)
	at org.junit.jupiter.api.Assertions.assertTrue(Assertions.java:179)
	at in.saranyaramesh.demo_project.TestCreateUser.testCreateUserWithEmailNull(TestCreateUser.java:65)
]]></failure>
  </testcase>
  <testcase name="in.saranyaramesh.demo_project.TestCreateUser.testCreateUserWithInvalidInput" classname="in.saranyaramesh.demo_project.TestCreateUser" time="0.002">
    <failure message="expected: &lt;true&gt; but was: &lt;false&gt;" type="org.opentest4j.AssertionFailedError"><![CDATA[org.opentest4j.AssertionFailedError: expected: <true> but was: <false>
	at org.junit.jupiter.api.AssertionUtils.fail(AssertionUtils.java:55)
	at org.junit.jupiter.api.AssertTrue.assertTrue(AssertTrue.java:40)
	at org.junit.jupiter.api.AssertTrue.assertTrue(AssertTrue.java:35)
	at org.junit.jupiter.api.Assertions.assertTrue(Assertions.java:179)
	at in.saranyaramesh.demo_project.TestCreateUser.testCreateUserWithInvalidInput(TestCreateUser.java:42)
]]></failure>
  </testcase>
  <testcase name="in.saranyaramesh.demo_project.TestCreateUser.testCreateUserWithEmailEmpty" classname="in.saranyaramesh.demo_project.TestCreateUser" time="0.001">
    <failure message="expected: &lt;true&gt; but was: &lt;false&gt;" type="org.opentest4j.AssertionFailedError"><![CDATA[org.opentest4j.AssertionFailedError: expected: <true> but was: <false>
	at org.junit.jupiter.api.AssertionUtils.fail(AssertionUtils.java:55)
	at org.junit.jupiter.api.AssertTrue.assertTrue(AssertTrue.java:40)
	at org.junit.jupiter.api.AssertTrue.assertTrue(AssertTrue.java:35)
	at org.junit.jupiter.api.Assertions.assertTrue(Assertions.java:179)
	at in.saranyaramesh.demo_project.TestCreateUser.testCreateUserWithEmailEmpty(TestCreateUser.java:86)
]]></failure>
  </testcase>
  <testcase name="in.saranyaramesh.demo_project.TestCreateUser.testCreateUserWithPasswordEmpty" classname="in.saranyaramesh.demo_project.TestCreateUser" time="0.001">
    <failure message="expected: &lt;true&gt; but was: &lt;false&gt;" type="org.opentest4j.AssertionFailedError"><![CDATA[org.opentest4j.AssertionFailedError: expected: <true> but was: <false>
	at org.junit.jupiter.api.AssertionUtils.fail(AssertionUtils.java:55)
	at org.junit.jupiter.api.AssertTrue.assertTrue(AssertTrue.java:40)
	at org.junit.jupiter.api.AssertTrue.assertTrue(AssertTrue.java:35)
	at org.junit.jupiter.api.Assertions.assertTrue(Assertions.java:179)
	at in.saranyaramesh.demo_project.TestCreateUser.testCreateUserWithPasswordEmpty(TestCreateUser.java:108)
]]></failure>
  </testcase>
  <testcase name="in.saranyaramesh.demo_project.TestCreateUser.testCreateUserWithFirstNameEmpty" classname="in.saranyaramesh.demo_project.TestCreateUser" time="0.002">
    <failure message="expected: &lt;true&gt; but was: &lt;false&gt;" type="org.opentest4j.AssertionFailedError"><![CDATA[org.opentest4j.AssertionFailedError: expected: <true> but was: <false>
	at org.junit.jupiter.api.AssertionUtils.fail(AssertionUtils.java:55)
	at org.junit.jupiter.api.AssertTrue.assertTrue(AssertTrue.java:40)
	at org.junit.jupiter.api.AssertTrue.assertTrue(AssertTrue.java:35)
	at org.junit.jupiter.api.Assertions.assertTrue(Assertions.java:179)
	at in.saranyaramesh.demo_project.TestCreateUser.testCreateUserWithFirstNameEmpty(TestCreateUser.java:174)
]]></failure>
  </testcase>
  <testcase name="in.saranyaramesh.demo_project.TestCreateUser.testCreateUserWithPasswordNull" classname="in.saranyaramesh.demo_project.TestCreateUser" time="0.001">
    <failure message="expected: &lt;true&gt; but was: &lt;false&gt;" type="org.opentest4j.AssertionFailedError"><![CDATA[org.opentest4j.AssertionFailedError: expected: <true> but was: <false>
	at org.junit.jupiter.api.AssertionUtils.fail(AssertionUtils.java:55)
	at org.junit.jupiter.api.AssertTrue.assertTrue(AssertTrue.java:40)
	at org.junit.jupiter.api.AssertTrue.assertTrue(AssertTrue.java:35)
	at org.junit.jupiter.api.Assertions.assertTrue(Assertions.java:179)
	at in.saranyaramesh.demo_project.TestCreateUser.testCreateUserWithPasswordNull(TestCreateUser.java:130)
]]></failure>
  </testcase>
  <testcase name="in.saranyaramesh.demo_project.TestCreateUser.testCreateUserWithFirstNameNull" classname="in.saranyaramesh.demo_project.TestCreateUser" time="0.009">
    <failure message="Unexpected exception type thrown ==&gt; expected: &lt;in.saranyaramesh.demo_project.exception.ValidationException&gt; but was: &lt;java.lang.RuntimeException&gt;" type="org.opentest4j.AssertionFailedError"><![CDATA[org.opentest4j.AssertionFailedError: Unexpected exception type thrown ==> expected: <in.saranyaramesh.demo_project.exception.ValidationException> but was: <java.lang.RuntimeException>
	at org.junit.jupiter.api.AssertThrows.assertThrows(AssertThrows.java:65)
	at org.junit.jupiter.api.AssertThrows.assertThrows(AssertThrows.java:37)
	at org.junit.jupiter.api.Assertions.assertThrows(Assertions.java:3082)
	at in.saranyaramesh.demo_project.TestCreateUser.testCreateUserWithFirstNameNull(TestCreateUser.java:147)
Caused by: java.lang.RuntimeException: java.sql.SQLException: The url cannot be null
	at in.saranyaramesh.demo_project.util.ConnectionUtil.getConnection(ConnectionUtil.java:36)
	at in.saranyaramesh.demo_project.DAO.UserDAO.create(UserDAO.java:59)
	at in.saranyaramesh.demo_project.service.UserService.create(UserService.java:33)
	at in.saranyaramesh.demo_project.TestCreateUser.lambda$testCreateUserWithFirstNameNull$6(TestCreateUser.java:148)
	at org.junit.jupiter.api.AssertThrows.assertThrows(AssertThrows.java:55)
	... 16 more
Caused by: java.sql.SQLException: The url cannot be null
	at java.sql/java.sql.DriverManager.getConnection(DriverManager.java:664)
	at java.sql/java.sql.DriverManager.getConnection(DriverManager.java:229)
	at in.saranyaramesh.demo_project.util.ConnectionUtil.getConnection(ConnectionUtil.java:28)
	... 20 more
]]></failure>
    <system-err><![CDATA[java.sql.SQLException: The url cannot be null
	at java.sql/java.sql.DriverManager.getConnection(DriverManager.java:664)
	at java.sql/java.sql.DriverManager.getConnection(DriverManager.java:229)
	at in.saranyaramesh.demo_project.util.ConnectionUtil.getConnection(ConnectionUtil.java:28)
	at in.saranyaramesh.demo_project.DAO.UserDAO.create(UserDAO.java:59)
	at in.saranyaramesh.demo_project.service.UserService.create(UserService.java:33)
	at in.saranyaramesh.demo_project.TestCreateUser.lambda$testCreateUserWithFirstNameNull$6(TestCreateUser.java:148)
	at org.junit.jupiter.api.AssertThrows.assertThrows(AssertThrows.java:55)
	at org.junit.jupiter.api.AssertThrows.assertThrows(AssertThrows.java:37)
	at org.junit.jupiter.api.Assertions.assertThrows(Assertions.java:3082)
	at in.saranyaramesh.demo_project.TestCreateUser.testCreateUserWithFirstNameNull(TestCreateUser.java:147)
	at java.base/jdk.internal.reflect.NativeMethodAccessorImpl.invoke0(Native Method)
	at java.base/jdk.internal.reflect.NativeMethodAccessorImpl.invoke(NativeMethodAccessorImpl.java:77)
	at java.base/jdk.internal.reflect.DelegatingMethodAccessorImpl.invoke(DelegatingMethodAccessorImpl.java:43)
	at java.base/java.lang.reflect.Method.invoke(Method.java:568)
	at org.apache.maven.surefire.junit.PojoTestSet.executeTestMethod(PojoTestSet.java:146)
	at org.apache.maven.surefire.junit.PojoTestSet.executeTestMethods(PojoTestSet.java:108)
	at org.apache.maven.surefire.junit.PojoTestSet.execute(PojoTestSet.java:89)
	at org.apache.maven.surefire.junit.JUnit3Provider.executeTestSet(JUnit3Provider.java:140)
	at org.apache.maven.surefire.junit.JUnit3Provider.invoke(JUnit3Provider.java:113)
	at org.apache.maven.surefire.booter.ForkedBooter.invokeProviderInSameClassLoader(ForkedBooter.java:384)
	at org.apache.maven.surefire.booter.ForkedBooter.runSuitesInProcess(ForkedBooter.java:345)
	at org.apache.maven.surefire.booter.ForkedBooter.execute(ForkedBooter.java:126)
	at org.apache.maven.surefire.booter.ForkedBooter.main(ForkedBooter.java:418)
]]></system-err>
  </testcase>
</testsuite>